2018-09-29T21:13:46.716Z - normal: Load ~/.CocosCreator/settings.json
2018-09-29T21:13:46.719Z - normal: checking language setting...
2018-09-29T21:13:46.719Z - normal: Language: zh
2018-09-29T21:13:47.278Z - success: protocol editor-framework registered
2018-09-29T21:13:47.278Z - success: protocol app registered
2018-09-29T21:13:47.278Z - success: protocol theme registered
2018-09-29T21:13:47.278Z - success: protocol packages registered
2018-09-29T21:13:47.279Z - success: protocol unpack registerred
2018-09-29T21:13:47.279Z - success: protocol disable-commonjs registerred
2018-09-29T21:13:47.394Z - normal: connected!
2018-09-29T21:13:47.404Z - normal: Check project /Users/tuyoo/newSvn/Tetris2048/client/sequence2048_2018_8_3/sequence2048
2018-09-29T21:13:47.406Z - normal: Initializing Cocos2d
2018-09-29T21:13:47.552Z - normal: Initializing Asset Database
2018-09-29T21:13:47.577Z - success: protocol uuid registerred
2018-09-29T21:13:47.577Z - success: protocol db registerred
2018-09-29T21:13:47.577Z - success: protocol thumbnail registerred
2018-09-29T21:13:47.577Z - normal: Loading editor/builtin packages
2018-09-29T21:13:47.593Z - success: anysdk loaded
2018-09-29T21:13:47.686Z - success: assets loaded
2018-09-29T21:13:47.688Z - success: builder loaded
2018-09-29T21:13:47.690Z - success: cocos-analytics loaded
2018-09-29T21:13:47.694Z - success: console loaded
2018-09-29T21:13:47.722Z - success: fb-instant-games loaded
2018-09-29T21:13:47.726Z - success: hierarchy loaded
2018-09-29T21:13:47.730Z - success: inspector loaded
2018-09-29T21:13:47.731Z - success: keystore loaded
2018-09-29T21:13:47.735Z - success: node-library loaded
2018-09-29T21:13:47.742Z - success: package-asset loaded
2018-09-29T21:13:47.744Z - success: preferences loaded
2018-09-29T21:13:47.746Z - success: project-exporter loaded
2018-09-29T21:13:47.759Z - success: project-importer loaded
2018-09-29T21:13:47.762Z - success: project-settings loaded
2018-09-29T21:13:47.768Z - success: ui-kit loaded
2018-09-29T21:13:47.773Z - success: ui-grid loaded
2018-09-29T21:13:47.776Z - success: scene loaded
2018-09-29T21:13:47.778Z - success: sprite-editor loaded
2018-09-29T21:13:47.781Z - success: store loaded
2018-09-29T21:13:47.786Z - success: timeline loaded
2018-09-29T21:13:47.787Z - normal: Loading builtin packages
2018-09-29T21:13:47.791Z - success: asset-db-debugger loaded
2018-09-29T21:13:47.793Z - success: color-picker loaded
2018-09-29T21:13:47.798Z - success: package-manager loaded
2018-09-29T21:13:47.800Z - success: qqplay-adapter loaded
2018-09-29T21:13:47.807Z - success: sdkbox loaded
2018-09-29T21:13:47.812Z - success: tester loaded
2018-09-29T21:13:47.817Z - success: ui-kit-preview-extra loaded
2018-09-29T21:13:47.821Z - success: ui-kit-preview loaded
2018-09-29T21:13:47.825Z - success: ui-tree loaded
2018-09-29T21:13:47.826Z - success: weapp-adapter loaded
2018-09-29T21:13:48.667Z - normal: Initializing project /Users/tuyoo/newSvn/Tetris2048/client/sequence2048_2018_8_3/sequence2048
2018-09-29T21:13:48.676Z - normal: Loading packages
2018-09-29T21:13:48.681Z - normal: Watching packages
2018-09-29T21:13:48.776Z - normal: Run Application
2018-09-29T21:13:49.753Z - success: preview server running at http://localhost:7456
2018-09-29T21:13:55.728Z - normal: 1.9.3
2018-09-29T21:15:23.150Z - normal: Start building with options : {
  "androidStudio": true,
  "apiLevel": "",
  "appABIs": [],
  "appKey": "",
  "appSecret": "",
  "buildPath": "/Users/tuyoo/newSvn/Tetris2048/client/sequence2048_2018_8_3/sequence2048/build",
  "debug": false,
  "dest": "/Users/tuyoo/newSvn/Tetris2048/client/sequence2048_2018_8_3/sequence2048/build/wechatgame",
  "encryptJs": true,
  "excludeScenes": [],
  "excludedModules": [],
  "fb-instant-games": {},
  "includeAnySDK": false,
  "includeEruda": false,
  "includeSDKBox": false,
  "inlineSpriteFrames": true,
  "inlineSpriteFrames_native": true,
  "jailbreakPlatform": false,
  "md5Cache": false,
  "mergeStartScene": false,
  "oauthLoginServer": "",
  "optimizeHotUpdate": false,
  "orientation": {
    "landscapeLeft": true,
    "landscapeRight": true,
    "portrait": false,
    "upsideDown": false
  },
  "packageName": "org.cocos2d.sequence2048",
  "platform": "wechatgame",
  "previewHeight": "720",
  "previewWidth": "1280",
  "privateKey": "",
  "qqplay": {
    "REMOTE_SERVER_ROOT": "",
    "orientation": "portrait"
  },
  "renderMode": "0",
  "scenes": [
    "8c443c50-25eb-4a3f-a1c3-7db20af5e56f",
    "b496aec1-a958-4c47-8764-67a5f3091436"
  ],
  "sourceMaps": false,
  "startScene": "8c443c50-25eb-4a3f-a1c3-7db20af5e56f",
  "template": "link",
  "title": "sequence2048",
  "useDebugKeystore": true,
  "vsVersion": "auto",
  "webOrientation": "auto",
  "wechatgame": {
    "appid": "wxf1e6cc8e12d25d1f",
    "isSubdomain": false,
    "orientation": "portrait"
  },
  "xxteaKey": "74de1afb-38a8-46",
  "zipCompressJs": true,
  "project": "/Users/tuyoo/newSvn/Tetris2048/client/sequence2048_2018_8_3/sequence2048",
  "projectName": "sequence2048",
  "debugBuildWorker": false
}
2018-09-29T21:15:23.158Z - normal: Building /Users/tuyoo/newSvn/Tetris2048/client/sequence2048_2018_8_3/sequence2048
2018-09-29T21:15:23.158Z - normal: Destination /Users/tuyoo/newSvn/Tetris2048/client/sequence2048_2018_8_3/sequence2048/build/wechatgame
2018-09-29T21:15:23.433Z - normal: Delete /Users/tuyoo/newSvn/Tetris2048/client/sequence2048_2018_8_3/sequence2048/build/wechatgame/**/*
2018-09-29T21:16:18.535Z - normal: Compiled project javascript file successfully
2018-09-29T21:16:18.537Z - normal: Start building assets
2018-09-29T21:16:18.537Z - normal: Start spawn build-worker
2018-09-29T21:16:19.180Z - normal: Finish spawn build-worker
2018-09-29T21:16:19.180Z - normal: Start init build-worker
2018-09-29T21:16:21.009Z - normal: 1.9.3
2018-09-29T21:16:21.205Z - normal: Finish init build-worker
2018-09-29T21:16:21.205Z - normal: Start build-assets in worker
2018-09-29T21:16:21.466Z - warn: Can not find particle texture in /Users/tuyoo/newSvn/Tetris2048/client/sequence2048_2018_8_3/sequence2048/assets/resources/animation/baozha/lizi_01, plist: /Users/tuyoo/newSvn/Tetris2048/client/sequence2048_2018_8_3/sequence2048/assets/resources/animation/baozha/lizi_01.plist
2018-09-29T21:16:21.524Z - warn: Can not find particle texture in /Users/tuyoo/newSvn/Tetris2048/client/sequence2048_2018_8_3/sequence2048/assets/resources/animation/huode/lizi_tiaodai, plist: /Users/tuyoo/newSvn/Tetris2048/client/sequence2048_2018_8_3/sequence2048/assets/resources/animation/huode/lizi_tiaodai.plist
2018-09-29T21:16:21.530Z - warn: Can not find particle texture in /Users/tuyoo/newSvn/Tetris2048/client/sequence2048_2018_8_3/sequence2048/assets/resources/animation/huode/lizi_yuan, plist: /Users/tuyoo/newSvn/Tetris2048/client/sequence2048_2018_8_3/sequence2048/assets/resources/animation/huode/lizi_yuan.plist
2018-09-29T21:16:21.578Z - warn: Can not find particle texture in /Users/tuyoo/newSvn/Tetris2048/client/sequence2048_2018_8_3/sequence2048/assets/resources/particle/demo10.png, plist: /Users/tuyoo/newSvn/Tetris2048/client/sequence2048_2018_8_3/sequence2048/assets/resources/particle/bomb.plist
2018-09-29T21:16:21.895Z - warn: The referenced asset used in "db://assets/resources/animation/huode/lizi_tiaodai.plist" is not found, it may have been deleted. Detailed information:
uuid: "66700f64-bee3-45bb-8cf1-a11c5d9cb1cc"
2018-09-29T21:16:21.899Z - warn: The referenced asset used in "db://assets/resources/animation/huode/lizi_yuan.plist" is not found, it may have been deleted. Detailed information:
uuid: "5ff1fd0a-36a5-495e-9bae-69998dfa6a04"
2018-09-29T21:16:22.610Z - normal: Finish build-assets in worker
2018-09-29T21:16:22.612Z - normal: Finish building assets
2018-09-29T21:16:22.640Z - normal: Start building raw assets
2018-09-29T21:16:22.641Z - normal: Start building plugin scripts
2018-09-29T21:16:23.345Z - normal: Finish building plugin scripts
2018-09-29T21:16:23.365Z - normal: Finish building raw assets
2018-09-29T21:16:23.368Z - normal: Generating main.js from /Applications/CocosCreator.app/Contents/Resources/static/build-templates/shares/main.js
2018-09-29T21:16:24.812Z - normal: Built to "/Users/tuyoo/newSvn/Tetris2048/client/sequence2048_2018_8_3/sequence2048/build/wechatgame" successfully
2018-09-29T21:16:44.822Z - warn: 找不到微信开发程序版本信息路径 [/Applications/wechatwebdevtools.app/Contents/Resources/app.nw/package.json]。
2018-09-29T21:16:44.822Z - warn: 微信开发程序版本过低，不能享用所有功能，请尽快升级。
2018-09-29T21:16:45.162Z - normal: Initializing...

2018-09-29T21:16:45.167Z - normal: idePortFile: /Users/tuyoo/Library/Application Support/微信web开发者工具/Default/.ide

2018-09-29T21:16:45.184Z - normal: starting ide...

2018-09-29T21:16:47.075Z - normal: IDE server has started, listening on http://127.0.0.1:31861

2018-09-29T21:16:47.080Z - normal: initialization finished

2018-09-29T21:16:47.450Z - normal: open IDE success

2018-09-29T21:18:11.237Z - normal: Start building with options : {
  "androidStudio": true,
  "apiLevel": "",
  "appABIs": [],
  "appKey": "",
  "appSecret": "",
  "buildPath": "/Users/tuyoo/newSvn/Tetris2048/client/sequence2048_2018_8_3/sequence2048/build",
  "debug": false,
  "dest": "/Users/tuyoo/newSvn/Tetris2048/client/sequence2048_2018_8_3/sequence2048/build/wechatgame",
  "encryptJs": true,
  "excludeScenes": [],
  "excludedModules": [],
  "fb-instant-games": {},
  "includeAnySDK": false,
  "includeEruda": false,
  "includeSDKBox": false,
  "inlineSpriteFrames": true,
  "inlineSpriteFrames_native": true,
  "jailbreakPlatform": false,
  "md5Cache": false,
  "mergeStartScene": false,
  "oauthLoginServer": "",
  "optimizeHotUpdate": false,
  "orientation": {
    "landscapeLeft": true,
    "landscapeRight": true,
    "portrait": false,
    "upsideDown": false
  },
  "packageName": "org.cocos2d.sequence2048",
  "platform": "wechatgame",
  "previewHeight": "720",
  "previewWidth": "1280",
  "privateKey": "",
  "qqplay": {
    "REMOTE_SERVER_ROOT": "",
    "orientation": "portrait"
  },
  "renderMode": "0",
  "scenes": [
    "8c443c50-25eb-4a3f-a1c3-7db20af5e56f",
    "b496aec1-a958-4c47-8764-67a5f3091436"
  ],
  "sourceMaps": false,
  "startScene": "8c443c50-25eb-4a3f-a1c3-7db20af5e56f",
  "template": "link",
  "title": "sequence2048",
  "useDebugKeystore": true,
  "vsVersion": "auto",
  "webOrientation": "auto",
  "wechatgame": {
    "appid": "wxf1e6cc8e12d25d1f",
    "isSubdomain": false,
    "orientation": "portrait"
  },
  "xxteaKey": "74de1afb-38a8-46",
  "zipCompressJs": true,
  "project": "/Users/tuyoo/newSvn/Tetris2048/client/sequence2048_2018_8_3/sequence2048",
  "projectName": "sequence2048",
  "debugBuildWorker": false
}
2018-09-29T21:18:11.261Z - normal: Building /Users/tuyoo/newSvn/Tetris2048/client/sequence2048_2018_8_3/sequence2048
2018-09-29T21:18:11.262Z - normal: Destination /Users/tuyoo/newSvn/Tetris2048/client/sequence2048_2018_8_3/sequence2048/build/wechatgame
2018-09-29T21:18:11.265Z - normal: Delete /Users/tuyoo/newSvn/Tetris2048/client/sequence2048_2018_8_3/sequence2048/build/wechatgame/**/*
2018-09-29T21:18:22.817Z - normal: Compiled project javascript file successfully
2018-09-29T21:18:22.817Z - normal: Start building assets
2018-09-29T21:18:22.817Z - normal: Start spawn build-worker
2018-09-29T21:18:23.488Z - normal: Finish spawn build-worker
2018-09-29T21:18:23.488Z - normal: Start init build-worker
2018-09-29T21:18:25.523Z - normal: 1.9.3
2018-09-29T21:18:25.748Z - normal: Finish init build-worker
2018-09-29T21:18:25.749Z - normal: Start build-assets in worker
2018-09-29T21:18:26.113Z - warn: Can not find particle texture in /Users/tuyoo/newSvn/Tetris2048/client/sequence2048_2018_8_3/sequence2048/assets/resources/animation/baozha/lizi_01, plist: /Users/tuyoo/newSvn/Tetris2048/client/sequence2048_2018_8_3/sequence2048/assets/resources/animation/baozha/lizi_01.plist
2018-09-29T21:18:26.128Z - warn: Can not find particle texture in /Users/tuyoo/newSvn/Tetris2048/client/sequence2048_2018_8_3/sequence2048/assets/resources/animation/huode/lizi_tiaodai, plist: /Users/tuyoo/newSvn/Tetris2048/client/sequence2048_2018_8_3/sequence2048/assets/resources/animation/huode/lizi_tiaodai.plist
2018-09-29T21:18:26.137Z - warn: Can not find particle texture in /Users/tuyoo/newSvn/Tetris2048/client/sequence2048_2018_8_3/sequence2048/assets/resources/animation/huode/lizi_yuan, plist: /Users/tuyoo/newSvn/Tetris2048/client/sequence2048_2018_8_3/sequence2048/assets/resources/animation/huode/lizi_yuan.plist
2018-09-29T21:18:26.199Z - warn: Can not find particle texture in /Users/tuyoo/newSvn/Tetris2048/client/sequence2048_2018_8_3/sequence2048/assets/resources/particle/demo10.png, plist: /Users/tuyoo/newSvn/Tetris2048/client/sequence2048_2018_8_3/sequence2048/assets/resources/particle/bomb.plist
2018-09-29T21:18:26.563Z - warn: The referenced asset used in "db://assets/resources/animation/huode/lizi_tiaodai.plist" is not found, it may have been deleted. Detailed information:
uuid: "66700f64-bee3-45bb-8cf1-a11c5d9cb1cc"
2018-09-29T21:18:26.564Z - warn: The referenced asset used in "db://assets/resources/animation/huode/lizi_yuan.plist" is not found, it may have been deleted. Detailed information:
uuid: "5ff1fd0a-36a5-495e-9bae-69998dfa6a04"
2018-09-29T21:18:27.315Z - normal: Finish build-assets in worker
2018-09-29T21:18:27.318Z - normal: Finish building assets
2018-09-29T21:18:27.347Z - normal: Start building raw assets
2018-09-29T21:18:27.349Z - normal: Start building plugin scripts
2018-09-29T21:18:28.020Z - normal: Finish building plugin scripts
2018-09-29T21:18:28.060Z - normal: Finish building raw assets
2018-09-29T21:18:28.062Z - normal: Generating main.js from /Applications/CocosCreator.app/Contents/Resources/static/build-templates/shares/main.js
2018-09-29T21:18:29.523Z - normal: Built to "/Users/tuyoo/newSvn/Tetris2048/client/sequence2048_2018_8_3/sequence2048/build/wechatgame" successfully
2018-09-29T21:19:34.544Z - warn: 找不到微信开发程序版本信息路径 [/Applications/wechatwebdevtools.app/Contents/Resources/app.nw/package.json]。
2018-09-29T21:19:34.545Z - warn: 微信开发程序版本过低，不能享用所有功能，请尽快升级。
2018-09-29T21:19:34.847Z - normal: Initializing...

2018-09-29T21:19:34.852Z - normal: idePortFile: /Users/tuyoo/Library/Application Support/微信web开发者工具/Default/.ide

2018-09-29T21:19:34.867Z - normal: starting ide...

2018-09-29T21:19:36.680Z - normal: IDE server has started, listening on http://127.0.0.1:63726

2018-09-29T21:19:36.685Z - normal: initialization finished

2018-09-29T21:19:37.093Z - normal: open IDE success

2018-09-29T21:19:55.678Z - normal: Start building with options : {
  "androidStudio": true,
  "apiLevel": "",
  "appABIs": [],
  "appKey": "",
  "appSecret": "",
  "buildPath": "/Users/tuyoo/newSvn/Tetris2048/client/sequence2048_2018_8_3/sequence2048/build",
  "debug": false,
  "dest": "/Users/tuyoo/newSvn/Tetris2048/client/sequence2048_2018_8_3/sequence2048/build/wechatgame",
  "encryptJs": true,
  "excludeScenes": [],
  "excludedModules": [],
  "fb-instant-games": {},
  "includeAnySDK": false,
  "includeEruda": false,
  "includeSDKBox": false,
  "inlineSpriteFrames": true,
  "inlineSpriteFrames_native": true,
  "jailbreakPlatform": false,
  "md5Cache": false,
  "mergeStartScene": false,
  "oauthLoginServer": "",
  "optimizeHotUpdate": false,
  "orientation": {
    "landscapeLeft": true,
    "landscapeRight": true,
    "portrait": false,
    "upsideDown": false
  },
  "packageName": "org.cocos2d.sequence2048",
  "platform": "wechatgame",
  "previewHeight": "720",
  "previewWidth": "1280",
  "privateKey": "",
  "qqplay": {
    "REMOTE_SERVER_ROOT": "",
    "orientation": "portrait"
  },
  "renderMode": "0",
  "scenes": [
    "8c443c50-25eb-4a3f-a1c3-7db20af5e56f",
    "b496aec1-a958-4c47-8764-67a5f3091436"
  ],
  "sourceMaps": false,
  "startScene": "8c443c50-25eb-4a3f-a1c3-7db20af5e56f",
  "template": "link",
  "title": "sequence2048",
  "useDebugKeystore": true,
  "vsVersion": "auto",
  "webOrientation": "auto",
  "wechatgame": {
    "appid": "wxf1e6cc8e12d25d1f",
    "isSubdomain": false,
    "orientation": "portrait"
  },
  "xxteaKey": "74de1afb-38a8-46",
  "zipCompressJs": true,
  "project": "/Users/tuyoo/newSvn/Tetris2048/client/sequence2048_2018_8_3/sequence2048",
  "projectName": "sequence2048",
  "debugBuildWorker": false
}
2018-09-29T21:19:55.682Z - normal: Building /Users/tuyoo/newSvn/Tetris2048/client/sequence2048_2018_8_3/sequence2048
2018-09-29T21:19:55.682Z - normal: Destination /Users/tuyoo/newSvn/Tetris2048/client/sequence2048_2018_8_3/sequence2048/build/wechatgame
2018-09-29T21:19:55.685Z - normal: Delete /Users/tuyoo/newSvn/Tetris2048/client/sequence2048_2018_8_3/sequence2048/build/wechatgame/**/*
2018-09-29T21:20:09.161Z - normal: Compiled project javascript file successfully
2018-09-29T21:20:09.161Z - normal: Start building assets
2018-09-29T21:20:09.162Z - normal: Start spawn build-worker
2018-09-29T21:20:09.852Z - normal: Finish spawn build-worker
2018-09-29T21:20:09.852Z - normal: Start init build-worker
2018-09-29T21:20:11.738Z - normal: 1.9.3
2018-09-29T21:20:11.949Z - normal: Finish init build-worker
2018-09-29T21:20:11.949Z - normal: Start build-assets in worker
2018-09-29T21:20:12.287Z - warn: Can not find particle texture in /Users/tuyoo/newSvn/Tetris2048/client/sequence2048_2018_8_3/sequence2048/assets/resources/animation/baozha/lizi_01, plist: /Users/tuyoo/newSvn/Tetris2048/client/sequence2048_2018_8_3/sequence2048/assets/resources/animation/baozha/lizi_01.plist
2018-09-29T21:20:12.317Z - warn: Can not find particle texture in /Users/tuyoo/newSvn/Tetris2048/client/sequence2048_2018_8_3/sequence2048/assets/resources/animation/huode/lizi_tiaodai, plist: /Users/tuyoo/newSvn/Tetris2048/client/sequence2048_2018_8_3/sequence2048/assets/resources/animation/huode/lizi_tiaodai.plist
2018-09-29T21:20:12.321Z - warn: Can not find particle texture in /Users/tuyoo/newSvn/Tetris2048/client/sequence2048_2018_8_3/sequence2048/assets/resources/animation/huode/lizi_yuan, plist: /Users/tuyoo/newSvn/Tetris2048/client/sequence2048_2018_8_3/sequence2048/assets/resources/animation/huode/lizi_yuan.plist
2018-09-29T21:20:12.367Z - warn: Can not find particle texture in /Users/tuyoo/newSvn/Tetris2048/client/sequence2048_2018_8_3/sequence2048/assets/resources/particle/demo10.png, plist: /Users/tuyoo/newSvn/Tetris2048/client/sequence2048_2018_8_3/sequence2048/assets/resources/particle/bomb.plist
2018-09-29T21:20:12.748Z - warn: The referenced asset used in "db://assets/resources/animation/huode/lizi_tiaodai.plist" is not found, it may have been deleted. Detailed information:
uuid: "66700f64-bee3-45bb-8cf1-a11c5d9cb1cc"
2018-09-29T21:20:12.749Z - warn: The referenced asset used in "db://assets/resources/animation/huode/lizi_yuan.plist" is not found, it may have been deleted. Detailed information:
uuid: "5ff1fd0a-36a5-495e-9bae-69998dfa6a04"
2018-09-29T21:20:13.406Z - normal: Finish build-assets in worker
2018-09-29T21:20:13.410Z - normal: Finish building assets
2018-09-29T21:20:13.435Z - normal: Start building raw assets
2018-09-29T21:20:13.436Z - normal: Start building plugin scripts
2018-09-29T21:20:14.061Z - normal: Finish building plugin scripts
2018-09-29T21:20:14.087Z - normal: Finish building raw assets
2018-09-29T21:20:14.090Z - normal: Generating main.js from /Applications/CocosCreator.app/Contents/Resources/static/build-templates/shares/main.js
2018-09-29T21:20:15.304Z - normal: Built to "/Users/tuyoo/newSvn/Tetris2048/client/sequence2048_2018_8_3/sequence2048/build/wechatgame" successfully
2018-09-29T21:20:17.221Z - warn: 找不到微信开发程序版本信息路径 [/Applications/wechatwebdevtools.app/Contents/Resources/app.nw/package.json]。
2018-09-29T21:20:17.221Z - warn: 微信开发程序版本过低，不能享用所有功能，请尽快升级。
2018-09-29T21:20:17.565Z - normal: Initializing...

2018-09-29T21:20:17.570Z - normal: idePortFile: /Users/tuyoo/Library/Application Support/微信web开发者工具/Default/.ide

2018-09-29T21:20:17.591Z - normal: IDE server has started, listening on http://127.0.0.1:63726

2018-09-29T21:20:17.592Z - normal: initialization finished

2018-09-29T21:20:17.815Z - normal: open IDE success

2018-09-29T21:24:57.634Z - info: shutdown preview server
